<?xml version="1.0" encoding="UTF-8"?>
<!-- Generated by org.testng.reporters.JUnitReportReporter -->
<testsuite skipped="0" hostname="WINDOWS-R8SKFHD" name="Shopclues.AppTest" tests="1" failures="0" timestamp="2022-03-22T21:14:17 IST" time="0.010" errors="0">
  <testcase name="shouldAnswerWithTrue" time="0.010" classname="Shopclues.AppTest"/>
  <system-out/>
</testsuite> <!-- Shopclues.AppTest -->
